<?xml version="1.0" encoding="UTF-8"?>
<!-- Generated by org.testng.reporters.JUnitXMLReporter -->
<testsuite ignored="5" hostname="LAPTOP-5TIT49CS" failures="2" tests="2" name="Smoke Testing(failed)(failed)(failed)(failed)(failed)" time="0.085" errors="0" timestamp="2024-07-19T10:54:40 IST">
  <testcase classname="RunMultipleGroups.GroupTest1" name="checkMail" time="0.018">
    <failure type="java.lang.AssertionError" message="expected [OrangeHRM] but found [rangeHRM]">
      <![CDATA[java.lang.AssertionError: expected [OrangeHRM] but found [rangeHRM]
at RunMultipleGroups.GroupTest1.checkMail(GroupTest1.java:17)
at java.base/java.util.ArrayList.forEach(ArrayList.java:1511)
... Removed 33 stack frames]]>
    </failure>
  </testcase> <!-- checkMail -->
  <testcase classname="RunMultipleGroups.GroupTest2" name="composeMail" time="0.003">
    <failure type="java.lang.AssertionError" message="expected [OrangeHRM] but found [rangeHRM]">
      <![CDATA[java.lang.AssertionError: expected [OrangeHRM] but found [rangeHRM]
at RunMultipleGroups.GroupTest2.composeMail(GroupTest2.java:22)
at java.base/java.util.ArrayList.forEach(ArrayList.java:1511)
... Removed 33 stack frames]]>
    </failure>
  </testcase> <!-- composeMail -->
  <testcase classname="RunMultipleGroups.GroupTest2" name="deleteMail" time="0.0">
    <ignored/>
  </testcase> <!-- deleteMail -->
  <testcase classname="RunMultipleGroups.GroupTest2" name="checkAccountDetails" time="0.0">
    <ignored/>
  </testcase> <!-- checkAccountDetails -->
  <testcase classname="RunMultipleGroups.GroupTest1" name="login_Account" time="0.0">
    <ignored/>
  </testcase> <!-- login_Account -->
  <testcase classname="RunMultipleGroups.GroupTest1" name="checkDrafts" time="0.0">
    <ignored/>
  </testcase> <!-- checkDrafts -->
  <testcase classname="RunMultipleGroups.GroupTest2" name="checkPromotions" time="0.0">
    <ignored/>
  </testcase> <!-- checkPromotions -->
</testsuite> <!-- Smoke Testing(failed)(failed)(failed)(failed)(failed) -->
